Scrape ID: 019ecd4f-8a68-73ce-9a0a-0a8c0dbc90dd
OK docs/16-education/sre-book/service-level-objectives.md
Scrape ID: 019ecd4f-8a63-730c-a24d-3843603c17b6
OK docs/16-education/sre-book/embracing-risk.md
Scrape ID: 019ecd4f-95f5-7549-9be4-9713a4a191da
OK docs/16-education/sre-book/handling-overload.md
Scrape ID: 019ecd4f-962d-7218-a46c-34e58a0ae1d0
OK docs/16-education/sre-book/eliminating-toil.md
Scrape ID: 019ecd4f-9a0a-74ea-8c71-24e52f71e245
OK docs/16-education/sre-book/addressing-cascading-failures.md
Scrape ID: 019ecd4f-99f1-759d-824c-fc7ba54fd9b7
OK docs/16-education/sre-book/data-processing-pipelines.md
Scrape ID: 019ecd4f-a215-73a8-a2b8-bc0b7c51c061
OK docs/16-education/sre-book/distributed-periodic-scheduling.md
Scrape ID: 019ecd4f-aa3b-73dd-b4a6-09628a6e7b16
OK docs/16-education/patterns-distributed/index.md
Scrape ID: 019ecd4f-a661-76d8-af2c-74c9c6f8b6a4
OK docs/16-education/sre-book/managing-critical-state.md
Scrape ID: 019ecd4f-ae20-742d-a9a1-11be8c9ab249
OK docs/16-education/patterns-distributed/lease.md
Scrape ID: 019ecd4f-ae30-70ab-83c7-48f9ccf33723
OK docs/16-education/patterns-distributed/write-ahead-log.md
Scrape ID: 019ecd4f-b66d-75a9-9b32-ffe1496de694
OK docs/16-education/patterns-distributed/idempotent-receiver.md
Scrape ID: 019ecd4f-b660-726a-a0c4-3fad7fb547ba
OK docs/16-education/patterns-distributed/heartbeat.md
Scrape ID: 019ecd4f-be0b-76bf-b51a-c42d28780e45
OK docs/16-education/patterns-distributed/leader-follower.md
Scrape ID: 019ecd4f-be43-7233-8135-961cf3031fe5
OK docs/16-education/patterns-distributed/state-watch.md
Scrape ID: 019ecd4f-c642-7705-994e-4828a0266a78
OK docs/16-education/eip/dead-letter-channel.md
Scrape ID: 019ecd4f-c65b-739d-a8b9-b7b31d88dade
OK docs/16-education/eip/guaranteed-delivery.md
Scrape ID: 019ecd4f-ce4a-77ca-839b-3eb03f41a8ba
OK docs/16-education/eip/idempotent-receiver.md
Scrape ID: 019ecd4f-ce63-7392-a374-7778f098656e
OK docs/16-education/eip/competing-consumers.md
Scrape ID: 019ecd4f-d668-756d-9bd1-489f0737c3cd
Scrape ID: 019ecd4f-d665-7008-85a2-a353f214f2ed
OK docs/16-education/eip/transactional-client.md
OK docs/16-education/eip/message-channel.md
Scrape ID: 019ecd4f-de83-7497-84f5-193dbdd7b069
OK docs/16-education/stripe-idempotency/blog.md
Scrape ID: 019ecd4f-de96-764b-ad73-afe48723e2fc
OK docs/16-education/netflix-conductor/blog.md
Scrape ID: 019ecd4f-e29f-70bd-96f9-ef8d730a1695
OK docs/16-education/raft/paper.md
Scrape ID: 019ecd4f-e2c0-723d-8487-0de6bf68b1fd
OK docs/16-education/uber-cadence/blog.md
Scrape ID: 019ecd4f-f2fb-765e-a810-2beafc196e85
OK docs/16-education/borg-omega/borg-paper.md
Scrape ID: 019ecd4f-e6e9-7113-a617-dcbb0aade027
OK docs/16-education/tail-at-scale/paper.md
DONE total=27 ok=27 skip=0 fail=0
