Scrape ID: 019ecd47-2293-7363-a84a-42ad8a77f54e
OK docs/15-ui-monitoring/temporal/web-ui.md
Scrape ID: 019ecd47-21e3-73b9-bf14-4a0eec4659c8
OK docs/15-ui-monitoring/temporal/cloud-ui.md
Scrape ID: 019ecd47-256a-74d5-997d-8f7dc12d7ff2
OK docs/15-ui-monitoring/kubernetes/dashboard.md
Scrape ID: 019ecd47-2d71-713f-89a5-f37c400de0af
Scrape ID: 019ecd47-2d74-765c-b5d5-c9c3c721ba98
OK docs/15-ui-monitoring/k9s/overview.md
OK docs/15-ui-monitoring/kubernetes/kubectl-quickref.md
Scrape ID: 019ecd47-3567-7018-82bd-16c4c91fd997
OK docs/15-ui-monitoring/lens/overview.md
Scrape ID: 019ecd47-3596-755e-94df-ec1e5bdf7ea5
OK docs/15-ui-monitoring/step-functions-console/workflow-studio.md
Scrape ID: 019ecd47-418b-7788-a69f-68496d3d8db4
OK docs/15-ui-monitoring/step-functions-console/execution-details.md
Scrape ID: 019ecd47-4971-76fe-ac95-3530ac9c9ff3
OK docs/15-ui-monitoring/cloudwatch/what-is.md
Scrape ID: 019ecd47-4dab-77ff-acc6-2075eca0563c
OK docs/15-ui-monitoring/cloudwatch/dashboards.md
Scrape ID: 019ecd47-4d94-7254-abab-33b2fdb8c487
OK docs/15-ui-monitoring/sqs-console/monitoring.md
Scrape ID: 019ecd47-5994-71ff-b4ff-2c9119578168
OK docs/15-ui-monitoring/docker-desktop/use-desktop.md
Scrape ID: 019ecd47-5d51-761e-a277-2b504ce41059
OK docs/15-ui-monitoring/docker-compose/ps.md
Scrape ID: 019ecd47-6191-7668-aede-9b9d3ea1f5bc
OK docs/15-ui-monitoring/docker/container-logs.md
Scrape ID: 019ecd47-597e-756e-a58c-fe1d1e73009d
OK docs/15-ui-monitoring/batch-console/monitoring.md
Scrape ID: 019ecd47-69a6-7456-934b-e3faf2750a75
OK docs/15-ui-monitoring/airflow-ui/overview.md
Scrape ID: 019ecd47-65e4-73b1-83dc-acc6da9d5553
OK docs/15-ui-monitoring/portainer/overview.md
Scrape ID: 019ecd47-717c-7199-ad89-9893ff72d314
OK docs/15-ui-monitoring/flower/screenshots.md
Scrape ID: 019ecd47-7170-70a9-828a-a010d2d3c2cb
OK docs/15-ui-monitoring/bull-board/readme.md
Scrape ID: 019ecd47-7d71-723b-aa19-83386b454e54
OK docs/15-ui-monitoring/jobrunr-dashboard/overview.md
Scrape ID: 019ecd47-79b4-72ed-90c9-3848335b7bbc
OK docs/15-ui-monitoring/sidekiq-web/monitoring.md
Scrape ID: 019ecd47-85e0-70de-8af1-d2a9bd6d75d6
OK docs/15-ui-monitoring/dagster-ui/webserver.md
Scrape ID: 019ecd47-85be-744b-a916-7e1b8ebd1e37
OK docs/15-ui-monitoring/argo-workflows-ui/server.md
Scrape ID: 019ecd47-89c0-7563-955a-c2fd3c0c6427
OK docs/15-ui-monitoring/prefect-ui/dashboard.md
Scrape ID: 019ecd47-8dcb-7203-bbb9-3730f9532c33
OK docs/15-ui-monitoring/durable-functions/diagnostics.md
Scrape ID: 019ecd47-95f7-724f-b641-4de508cdd616
OK docs/15-ui-monitoring/app-insights/overview.md
Scrape ID: 019ecd47-9a29-761d-9931-376c3a2cfd5e
Scrape ID: 019ecd47-99f0-7156-9c35-28429184b2ad
OK docs/15-ui-monitoring/cloud-workflows-console/execution-history.md
OK docs/15-ui-monitoring/cloud-tasks-console/monitoring.md
Scrape ID: 019ecd47-a630-705e-a215-0f51085f81ed
OK docs/15-ui-monitoring/inngest/function-runs.md
Scrape ID: 019ecd47-ae32-70e3-9d87-55edaf89c7f4
OK docs/15-ui-monitoring/grafana/dashboards.md
Scrape ID: 019ecd47-a636-7794-a6ee-3972cc33d260
OK docs/15-ui-monitoring/trigger-dev/runs-dashboard.md
Scrape ID: 019ecd47-b26b-71c4-8168-f2b775722a5d
OK docs/15-ui-monitoring/grafana/panels.md
DONE total=32 ok=32 skip=0 fail=0
