SKIP docs/07-brokers/kafka/design.md
Scrape ID: 019ecd1b-69a8-75db-8160-f9fee49fd7e1
Scrape ID: 019ecd1b-69b2-76d6-a6b9-75166ba361bf
OK docs/07-brokers/kafka/implementation.md
OK docs/07-brokers/kafka/semantics.md
Scrape ID: 019ecd1b-6dbe-72a6-baf2-fb29f9001d0e
OK docs/07-brokers/rabbitmq/queues.md
Scrape ID: 019ecd1b-6dbf-732e-b485-41a6e9a9909f
OK docs/07-brokers/kafka/protocol.md
Scrape ID: 019ecd1b-71d8-7298-9244-ace1b0d6c800
OK docs/07-brokers/rabbitmq/consumers.md
Scrape ID: 019ecd1b-71dc-766a-8c2c-69418569b97c
OK docs/07-brokers/rabbitmq/confirms.md
Scrape ID: 019ecd1b-75ee-76ed-ad2b-5e6c3e5b6c01
OK docs/07-brokers/rabbitmq/dlx.md
Scrape ID: 019ecd1b-75e0-71bf-ae82-36029a0d204e
OK docs/07-brokers/rabbitmq/streams.md
Scrape ID: 019ecd1b-79e5-752e-91ae-22c935980257
OK docs/07-brokers/rabbitmq/reliability.md
Scrape ID: 019ecd1b-7e19-75ec-aa3a-0502abffb591
OK docs/07-brokers/activemq-artemis/core.md
Scrape ID: 019ecd1b-7e15-70cf-a710-3a627356afeb
OK docs/07-brokers/activemq-artemis/address-model.md
Scrape ID: 019ecd1b-864c-719e-92ab-eb84b096f1bc
OK docs/07-brokers/nats/consumers.md
Scrape ID: 019ecd1b-866a-75ab-a84f-2be6f85bc3b4
OK docs/07-brokers/activemq-artemis/persistence.md
Scrape ID: 019ecd1b-8a73-73eb-814f-d5b4d6cf666f
OK docs/07-brokers/nats/streams.md
Scrape ID: 019ecd1b-8e5e-70aa-81a3-977b5bcfe106
OK docs/07-brokers/redis/pubsub.md
Scrape ID: 019ecd1b-9647-71dc-be58-1dde9b7d6d4f
OK docs/10-cicd/circleci/concepts.md
Scrape ID: 019ecd1b-9659-735a-a8b5-79a79be0cf33
OK docs/10-cicd/circleci/config-reference.md
Scrape ID: 019ecd1b-a278-71df-a9b4-d10e62fccae4
OK docs/10-cicd/drone/pipelines.md
Scrape ID: 019ecd1b-a25f-7755-9a8a-fee57f489c8e
OK docs/10-cicd/circleci/workflows.md
Scrape ID: 019ecd1b-aa61-7757-b6ba-890388e99c6f
OK docs/13-specs/json-schema/reference.md
Scrape ID: 019ecd1b-aa54-734e-abe3-7338c0575b3a
OK docs/10-cicd/drone/triggers.md
Scrape ID: 019ecd1b-ae9b-764c-a57d-6e1757e25231
OK docs/13-specs/json-schema/structuring.md
Scrape ID: 019ecd1b-b277-73c8-8b73-3b1b3a736d54
OK docs/13-specs/openapi/spec.md
Scrape ID: 019ecd1b-b680-77e9-98cd-c94c85e1f930
OK docs/04-cloud-aws/sqs/dlq.md
Scrape ID: 019ecd1b-b68b-75fd-a0f2-607f13be53e0
OK docs/04-cloud-aws/sqs/exactly-once-fifo.md
Scrape ID: 019ecd1b-bacb-77bf-b083-db94b9d638ab
OK docs/04-cloud-aws/sqs/architecture.md
Scrape ID: 019ecd1b-c6b0-710f-91e5-58393273d6eb
OK docs/04-cloud-aws/step-functions/error-handling.md
Scrape ID: 019ecd1b-baf3-76d6-97fb-2df75bc0632d
OK docs/04-cloud-aws/sqs/message-dedup.md
Scrape ID: 019ecd1b-cada-72f9-87c6-338c2b9d6d98
OK docs/04-cloud-aws/step-functions/states.md
Scrape ID: 019ecd1b-d6dd-734d-bacc-4c7324c273b7
OK docs/04-cloud-aws/step-functions/wait-token.md
Scrape ID: 019ecd1b-cebc-7224-bcc1-266139e1fb1e
OK docs/04-cloud-aws/step-functions/map-state.md
Scrape ID: 019ecd1b-e2e5-7689-b5a2-3e9fef015053
OK docs/03-durable-execution/temporal/retry-policies.md
Scrape ID: 019ecd1b-e2d8-7008-b4e5-c4027880729e
OK docs/04-cloud-aws/step-functions/express-vs-standard.md
Scrape ID: 019ecd1b-ef18-7569-9f07-aa508c310b89
OK docs/03-durable-execution/temporal/detecting-workflow-failures.md
Scrape ID: 019ecd1b-eed6-73eb-b38a-ff2970a53722
OK docs/03-durable-execution/temporal/detecting-activity-failures.md
Scrape ID: 019ecd1b-faec-7749-8b08-ae3fc77dadb3
OK docs/03-durable-execution/temporal/message-passing.md
Scrape ID: 019ecd1b-f6b4-709e-b3b5-fca8e36f529e
OK docs/03-durable-execution/temporal/timeouts.md
Scrape ID: 019ecd1b-ff31-7319-bbe4-0d4ab8917a9f
OK docs/03-durable-execution/temporal/visibility.md
Scrape ID: 019ecd1b-ff17-7166-9cda-f172def5b94e
OK docs/03-durable-execution/temporal/child-workflows.md
Scrape ID: 019ecd1c-0b1e-748b-bf21-14f6d6139a46
OK docs/03-durable-execution/temporal/sdks.md
Scrape ID: 019ecd1c-0b47-744e-9280-9ea0aabb9f1b
OK docs/03-durable-execution/temporal/clusters.md
Scrape ID: 019ecd1c-0f01-740d-bad4-65911efa63cf
OK docs/03-durable-execution/temporal/versioning.md
Scrape ID: 019ecd1c-172c-714b-a566-f9ffcb0a21f5
OK docs/05-cloud-azure/durable-functions/orchestrations.md
Scrape ID: 019ecd1c-1b24-7666-92a7-f8716d4b8bfe
OK docs/05-cloud-azure/durable-functions/error-handling.md
Scrape ID: 019ecd1c-233b-77eb-b7a9-a93851585428
OK docs/05-cloud-azure/durable-functions/eternal-orchestrations.md
Scrape ID: 019ecd1c-2744-758a-a3b0-6dc58e160256
OK docs/05-cloud-azure/durable-functions/entities.md
Scrape ID: 019ecd1c-337b-730f-9221-afe8baa0ef19
OK docs/05-cloud-azure/durable-functions/task-hubs.md
Scrape ID: 019ecd1c-2b6e-733f-a1d7-fc354e116ed8
OK docs/05-cloud-azure/durable-functions/versioning.md
Scrape ID: 019ecd1c-3f75-75ad-b56c-f3efcb13e85a
OK docs/06-cloud-gcp-firebase/cloud-tasks/http-target-tasks.md
Scrape ID: 019ecd1c-3fae-768a-bb39-8e72d0496c1e
OK docs/06-cloud-gcp-firebase/cloud-tasks/create-queues.md
Scrape ID: 019ecd1c-4baa-715c-ba2d-2ce40ac79f8a
OK docs/06-cloud-gcp-firebase/cloud-tasks/retry.md
Scrape ID: 019ecd1c-4bf5-728d-9749-bd8a9a5b8e7e
OK docs/06-cloud-gcp-firebase/cloud-tasks/configure-queues.md
Scrape ID: 019ecd1c-575d-7437-b461-29575a7a3bfd
OK docs/08-container-batch/k8s-jobs/cronjob-task.md
Scrape ID: 019ecd1c-57a2-76bb-9994-dd9220aeb7df
OK docs/08-container-batch/k8s-jobs/pod-failure-policy.md
Scrape ID: 019ecd1c-63a9-729e-b627-d6847c424e32
OK docs/08-container-batch/k8s-jobs/indexed.md
Scrape ID: 019ecd1c-63fd-703c-93a4-ed16fc1e8d28
OK docs/08-container-batch/k8s-jobs/workqueue.md
Scrape ID: 019ecd1c-6bca-760b-bbfd-f972ab0b5556
OK docs/02-workflow-orchestration/airflow/tasks.md
Scrape ID: 019ecd1c-6b94-7449-84c9-c3580ea25638
OK docs/08-container-batch/k8s-jobs/disruptions.md
Scrape ID: 019ecd1c-700e-703e-9cf6-13b79c5f664f
Scrape ID: 019ecd1c-7020-70a0-a9b1-c9e1b0378165
OK docs/02-workflow-orchestration/airflow/taskflow.md
OK docs/02-workflow-orchestration/airflow/operators.md
Scrape ID: 019ecd1c-782a-70f3-b395-7792db6d6534
OK docs/02-workflow-orchestration/airflow/dag-run.md
Scrape ID: 019ecd1c-7874-743f-94b8-0562679efcac
OK docs/02-workflow-orchestration/airflow/scheduler.md
Scrape ID: 019ecd1c-7bf9-7547-a187-b829b667c56e
OK docs/02-workflow-orchestration/airflow/timetables.md
Scrape ID: 019ecd1c-7fd5-7188-a981-829b0728094a
OK docs/02-workflow-orchestration/airflow/best-practices.md
Scrape ID: 019ecd1c-800a-7439-9ffd-712dc6307f11
OK docs/01-task-queues/celery/canvas.md
Scrape ID: 019ecd1c-8420-724c-a39b-ccbb5682fee9
OK docs/01-task-queues/celery/calling.md
Scrape ID: 019ecd1c-8878-744d-af01-45b4ad15af8d
OK docs/01-task-queues/celery/periodic-tasks.md
Scrape ID: 019ecd1c-8c24-74af-85ef-094111463d4c
OK docs/01-task-queues/celery/routing.md
Scrape ID: 019ecd1c-8c4b-742b-8edc-03b3495cc197
OK docs/01-task-queues/celery/configuration.md
Scrape ID: 019ecd1c-9049-7510-98f1-bba5558ff40f
OK docs/01-task-queues/celery/optimizing.md
Scrape ID: 019ecd1c-9082-76d9-ac99-2a30999c64c2
OK docs/01-task-queues/celery/monitoring.md
Scrape ID: 019ecd1c-986c-72de-965c-07c474308f38
OK docs/01-task-queues/bullmq/rate-limiting.md
Scrape ID: 019ecd1c-9c5d-76eb-8877-5a47f1c92d4b
OK docs/01-task-queues/bullmq/retrying-failing-jobs.md
Scrape ID: 019ecd1c-98b0-74ac-98d4-84eed0e95e64
OK docs/01-task-queues/bullmq/flows.md
Scrape ID: 019ecd1c-a491-741f-96e2-899134528b4e
OK docs/01-task-queues/sidekiq/reliability.md
Scrape ID: 019ecd1c-a0ab-702b-a3ca-986ec268ea20
OK docs/01-task-queues/bullmq/jobs-schedulers.md
Scrape ID: 019ecd1c-ac89-7502-a6c8-2825c0fac6fc
OK docs/01-task-queues/sidekiq/error-handling.md
Scrape ID: 019ecd1c-b09b-730c-8743-d964ed443c98
OK docs/01-task-queues/sidekiq/advanced-options.md
Scrape ID: 019ecd1c-b4af-754d-aa02-f58bd1e6bd5d
OK docs/patterns/microservices-io/saga.md
Scrape ID: 019ecd1c-bcc5-72fb-a16a-c0e90913adc9
OK docs/patterns/microservices-io/cqrs.md
Scrape ID: 019ecd1c-bcf5-70ae-a033-565dabd8e582
OK docs/patterns/microservices-io/transactional-outbox.md
Scrape ID: 019ecd1c-c0a1-73bb-81af-ba615e6faa1e
OK docs/patterns/microservices-io/event-sourcing.md
Scrape ID: 019ecd1c-c113-74e9-a172-e099239ac007
OK docs/patterns/microservices-io/messaging.md
Scrape ID: 019ecd1c-c4cb-76cd-b24e-49348ac109ec
OK docs/patterns/microservices-io/api-composition.md
Scrape ID: 019ecd1c-c949-71a2-a21a-d575bf707759
OK docs/patterns/aws-builder-library/timeouts-retries-backoff.md
Scrape ID: 019ecd1c-cd2b-7584-8321-4b44832f9105
OK docs/patterns/aws-builder-library/avoiding-fallback.md
Scrape ID: 019ecd1c-ccbf-70f1-9dfb-ec5e1ed19a8d
OK docs/patterns/aws-builder-library/queue-backlogs.md
Scrape ID: 019ecd1c-dce8-71f0-923c-0a3651ca5f30
OK docs/patterns/aws-builder-library/workflow-state-machines.md
Scrape ID: 019ecd1c-dd9a-750d-97b2-0dd7da73dc58
OK docs/13-specs/cloudevents/http-binding.md
Scrape ID: 019ecd1c-e4f4-769d-b11d-fba7800d7168
OK docs/13-specs/cloudevents/kafka-binding.md
Scrape ID: 019ecd1c-ed23-72cf-9986-d998fc50299e
OK docs/13-specs/cloudevents/json-format.md
Scrape ID: 019ecd1c-f535-7589-8aa2-ec3b72b06148
OK docs/13-specs/serverless-workflow/dsl.md
Scrape ID: 019ecd1c-f8fb-7395-97d7-f4794a5a12b0
OK docs/13-specs/serverless-workflow/dsl-reference.md
DONE total=94 ok=93 skip=1 fail=0
