Scrape ID: 019ecd9f-7cb8-733c-a52e-7fdf190a3377
OK docs/17-gap-fill/otel-semconv/messaging-metrics.md
Scrape ID: 019ecd9f-8824-7605-8a7f-2685e45b5872
OK docs/17-gap-fill/otel-semconv/general-metrics.md
Scrape ID: 019ecd9f-8c21-708d-b860-bdae89bf8a08
OK docs/17-gap-fill/temporal-security/authorization.md
Scrape ID: 019ecd9f-9821-7228-aa44-56c0d86b7195
OK docs/17-gap-fill/aws-iam/batch-actions.md
Scrape ID: 019ecd9f-7dc4-7058-a1af-3b3bc8f15340
OK docs/17-gap-fill/otel-semconv/messaging-spans.md
Scrape ID: 019ecd9f-ac4d-72cd-824d-8bb78f6fec53
OK docs/17-gap-fill/k8s-rbac/overview.md
Scrape ID: 019ecd9f-a456-77db-aa1f-d0b3c48e65a6
OK docs/17-gap-fill/aws-iam/stepfunctions-actions.md
Scrape ID: 019ecd9f-b049-7308-a8e3-21fcc44335d8
OK docs/17-gap-fill/sqs-encryption/sse.md
Scrape ID: 019ecd9f-b044-70fe-b59a-92c97e723712
OK docs/17-gap-fill/temporal-encryption/data-encryption.md
Scrape ID: 019ecd9f-bc75-76b6-84c9-3914f3f7b469
OK docs/17-gap-fill/eip-claim-check/store-in-library.md
Scrape ID: 019ecd9f-bc63-71ee-bd74-5ffed814516f
OK docs/17-gap-fill/sns-data-protection/overview.md
Scrape ID: 019ecd9f-c4c6-7701-b754-a7b6e4ae55a7
OK docs/17-gap-fill/sqs-large-messages/s3.md
Scrape ID: 019ecd9f-c86a-73fc-ba4d-76a180964b9d
OK docs/17-gap-fill/idempotent-consumer/pattern.md
Scrape ID: 019ecd9f-d0c3-7035-9bbe-ec0284bb5036
OK docs/17-gap-fill/confluent-eos/blog.md
Scrape ID: 019ecd9f-d0bf-7007-a47e-b4caa856d53a
OK docs/17-gap-fill/temporal-testing/suite.md
Scrape ID: 019ecd9f-dc70-773d-9a43-2e749e566e66
OK docs/17-gap-fill/keda-scaling/deployments.md
Scrape ID: 019ecd9f-dcb2-71bc-ad06-9110ac083426
OK docs/17-gap-fill/localstack-chaos/overview.md
Scrape ID: 019ecd9f-e49b-76b9-bed8-915b51863004
OK docs/17-gap-fill/keda-scaling/jobs.md
Scrape ID: 019ecd9f-ecaa-754d-b373-834267126297
OK docs/17-gap-fill/strangler-fig/essay.md
Scrape ID: 019ecd9f-ecd8-75dc-a7ff-39a26d1f7431
OK docs/17-gap-fill/lambda-scaling/provisioned-concurrency.md
Scrape ID: 019ecd9f-f0c4-7117-9420-6608650d1d0e
OK docs/17-gap-fill/hexagonal/cockburn.md
Scrape ID: 019ecd9f-f0d5-70b9-9952-2800ac530b52
OK docs/17-gap-fill/failure-taxonomy/dlq-redrive.md
DONE total=22 ok=22 skip=0 fail=0
