Scrape ID: 019eccf6-4e64-7439-961b-fb40badb55a8
OK docs/01-task-queues/celery/overview.md
Scrape ID: 019eccf6-4e49-7061-ab1d-a133398eb6f7
OK docs/01-task-queues/celery/tasks.md
Scrape ID: 019eccf6-5628-70af-b653-a50f6b9ba6a3
OK docs/01-task-queues/celery/workers.md
Scrape ID: 019eccf6-5646-774a-8565-dffcb0aa0aaf
OK docs/01-task-queues/rq/docs.md
Scrape ID: 019eccf6-5e72-771e-a142-66302323d6d7
OK docs/01-task-queues/huey/overview.md
Scrape ID: 019eccf6-5e88-73af-8e49-8e2f353887e8
OK docs/01-task-queues/dramatiq/guide.md
Scrape ID: 019eccf6-66ab-711c-a831-49f97e60f1df
OK docs/01-task-queues/arq/overview.md
Scrape ID: 019eccf6-6a79-760f-b4f8-6aba0718000c
OK docs/01-task-queues/sidekiq/getting-started.md
Scrape ID: 019eccf6-72c1-7141-a4c8-df349e2e829f
OK docs/01-task-queues/sidekiq/best-practices.md
Scrape ID: 019eccf6-7291-7004-8aff-99c1bbb1568b
OK docs/01-task-queues/resque/readme.md
Scrape ID: 019eccf6-7aa3-73ae-a5dc-abf4160d0f15
OK docs/01-task-queues/bullmq/overview.md
Scrape ID: 019eccf6-7ea1-735d-9e17-e8b3096250df
OK docs/01-task-queues/bullmq/queues.md
Scrape ID: 019eccf6-8ac0-7629-9937-6a1fc7b1b529
OK docs/01-task-queues/bullmq/workers.md
Scrape ID: 019eccf6-8ede-7242-8ce5-c6522e48e88e
OK docs/01-task-queues/bee-queue/readme.md
Scrape ID: 019eccf6-970f-746e-a07a-bd17fb40953c
OK docs/01-task-queues/bull-v3/readme.md
Scrape ID: 019eccf6-9abd-77d9-9a19-ab6cf55ca803
OK docs/01-task-queues/agenda/readme.md
Scrape ID: 019eccf6-9e95-716e-ad41-249dc42ffe40
OK docs/01-task-queues/graphile-worker/overview.md
Scrape ID: 019eccf6-9b23-7176-8098-232d37e47e3e
OK docs/01-task-queues/pg-boss/readme.md
Scrape ID: 019eccf6-a2de-70ff-8bef-648b1c556d9e
OK docs/01-task-queues/jobrunr/documentation.md
Scrape ID: 019eccf6-a2e9-71a9-b60f-c672a83af3dd
OK docs/01-task-queues/jobrunr/background-methods.md
Scrape ID: 019eccf6-aab9-749b-90eb-12a9cf0ac7b3
OK docs/01-task-queues/spring-batch/reference.md
Scrape ID: 019eccf6-aaf0-7758-b8fc-063942de655d
OK docs/01-task-queues/spring-batch/domain.md
Scrape ID: 019eccf6-b326-71bd-9495-4d81bda33a6b
OK docs/01-task-queues/quartz/documentation.md
Scrape ID: 019eccf6-b384-73e8-b54f-ee9bead08739
OK docs/01-task-queues/db-scheduler/readme.md
Scrape ID: 019eccf6-bb2c-74c7-ad3b-f1b7aac1b64c
OK docs/01-task-queues/machinery/readme.md
Scrape ID: 019eccf6-c710-772d-a05b-fe2c7bcfeb82
OK docs/01-task-queues/river/docs.md
Scrape ID: 019eccf6-bf62-767d-b150-5703d29b17be
OK docs/01-task-queues/asynq/readme.md
Scrape ID: 019eccf6-cb43-7003-ae17-320755d8c690
OK docs/02-workflow-orchestration/airflow/overview.md
Scrape ID: 019eccf6-cf66-72cd-bfdf-045ac483ec25
OK docs/02-workflow-orchestration/airflow/dags.md
Scrape ID: 019eccf6-cb3e-7410-a1d8-914599b94057
OK docs/01-task-queues/faktory/wiki.md
Scrape ID: 019eccf6-d353-7009-8c3b-79a6f4974aa5
OK docs/02-workflow-orchestration/airflow/executor.md
Scrape ID: 019eccf6-d776-756e-b38c-48da40cd9fd9
OK docs/02-workflow-orchestration/prefect/overview.md
Scrape ID: 019eccf6-dffe-7193-85fe-87477e1738bf
OK docs/02-workflow-orchestration/luigi/overview.md
Scrape ID: 019eccf6-db86-7784-95de-4a75840c0ed0
OK docs/02-workflow-orchestration/dagster/overview.md
Scrape ID: 019eccf6-e769-7107-9398-1b4866195fe9
OK docs/02-workflow-orchestration/dolphinscheduler/overview.md
Scrape ID: 019eccf6-e77a-70ae-97ee-dd022a85368f
OK docs/02-workflow-orchestration/argo-workflows/overview.md
Scrape ID: 019eccf6-ef96-75fa-9505-41ba12f64c71
OK docs/02-workflow-orchestration/kubeflow-pipelines/overview.md
Scrape ID: 019eccf6-efbc-74cd-922b-4c6af49b6159
OK docs/02-workflow-orchestration/flyte/overview.md
Scrape ID: 019eccf6-f3c2-7789-9eeb-1318f66ca671
OK docs/02-workflow-orchestration/metaflow/overview.md
Scrape ID: 019eccf6-f7de-765b-9ff4-f859abec1943
OK docs/02-workflow-orchestration/mage/overview.md
Scrape ID: 019eccf6-fba6-70bc-8278-51b2b410a0eb
OK docs/02-workflow-orchestration/kestra/overview.md
Scrape ID: 019eccf7-07c9-7265-b7f7-07867a071438
OK docs/02-workflow-orchestration/n8n/overview.md
Scrape ID: 019eccf7-03a2-77dd-b029-e0670bfcad02
OK docs/02-workflow-orchestration/windmill/overview.md
Scrape ID: 019eccf7-0c12-733e-8050-491422d17d21
OK docs/02-workflow-orchestration/node-red/overview.md
Scrape ID: 019eccf7-0fec-772a-bb79-04dd0bd01d3d
OK docs/03-durable-execution/temporal/overview.md
Scrape ID: 019eccf7-1409-75df-979c-6b905e017c90
Scrape ID: 019eccf7-1407-708d-a310-1284dcbe8cb4
OK docs/03-durable-execution/temporal/workflows.md
OK docs/03-durable-execution/temporal/activities.md
Scrape ID: 019eccf7-180f-711b-8f13-c9e5a166ae1f
OK docs/03-durable-execution/temporal/workers.md
Scrape ID: 019eccf7-17f8-772c-87ed-bba9580a9003
OK docs/03-durable-execution/cadence/overview.md
Scrape ID: 019eccf7-1c12-73fd-918e-4f14841d5b02
OK docs/03-durable-execution/restate/overview.md
Scrape ID: 019eccf7-205c-74a8-9207-050f0bea1e6d
OK docs/03-durable-execution/inngest/overview.md
Scrape ID: 019eccf7-2025-746f-aa63-0f4b6655aea7
OK docs/03-durable-execution/trigger-dev/overview.md
Scrape ID: 019eccf7-23f5-715f-b4fa-fc17f9ab5ec3
OK docs/03-durable-execution/dbos/overview.md
Scrape ID: 019eccf7-2c49-71a2-868d-4064509705c6
OK docs/03-durable-execution/resonate/overview.md
Scrape ID: 019eccf7-2c3c-755b-bb7c-1cc3579fb048
OK docs/03-durable-execution/golem/overview.md
Scrape ID: 019eccf7-3465-74bd-8064-8918813b0a15
OK docs/03-durable-execution/conductor-oss/overview.md
Scrape ID: 019eccf7-3450-7113-a560-f50daa9a91b8
OK docs/03-durable-execution/vercel-workflow/overview.md
Scrape ID: 019eccf7-3ce4-741b-b440-d66fd43e62b9
OK docs/04-cloud-aws/step-functions/welcome.md
Scrape ID: 019eccf7-40b3-74dc-a3dc-f4f087dd0d88
OK docs/04-cloud-aws/sqs/welcome.md
Scrape ID: 019eccf7-3c5d-770f-90ee-38a5c6775adb
OK docs/04-cloud-aws/step-functions/asl.md
Scrape ID: 019eccf7-4496-71be-acf6-accb95cbec9e
OK docs/04-cloud-aws/sqs/visibility-timeout.md
Scrape ID: 019eccf7-4c82-701d-89d1-1af1bcd0839f
OK docs/04-cloud-aws/sns/welcome.md
Scrape ID: 019eccf7-50ae-7234-8934-e55dcd299fcc
OK docs/04-cloud-aws/eventbridge-scheduler/what-is.md
Scrape ID: 019eccf7-50b0-76dd-99a7-14b5c28cc2f6
OK docs/04-cloud-aws/eventbridge/what-is.md
Scrape ID: 019eccf7-5887-7058-b11a-77e7336b85f1
OK docs/04-cloud-aws/batch/what-is.md
Scrape ID: 019eccf7-64de-711a-8da5-627447adf1a4
OK docs/04-cloud-aws/lambda/welcome.md
Scrape ID: 019eccf7-5d19-7534-ba68-8d3897cde05f
OK docs/04-cloud-aws/ecs-scheduled-tasks/overview.md
Scrape ID: 019eccf7-6904-71bf-86a6-947ae99e7030
OK docs/04-cloud-aws/lambda/async-invoke.md
Scrape ID: 019eccf7-6cc8-7427-b518-4073b61723b0
OK docs/04-cloud-aws/mwaa/what-is.md
Scrape ID: 019eccf7-78bd-702c-979a-443f307902fe
OK docs/04-cloud-aws/swf/welcome.md
Scrape ID: 019eccf7-68bb-758d-a47e-ba7f43ea4b98
OK docs/04-cloud-aws/glue/what-is.md
Scrape ID: 019eccf7-8513-715b-9444-cd038c85bdea
OK docs/05-cloud-azure/durable-functions/patterns.md
Scrape ID: 019eccf7-8516-7774-9896-e3a76e0dd330
OK docs/05-cloud-azure/durable-functions/overview.md
Scrape ID: 019eccf7-913a-756f-b887-50bf12178f9e
OK docs/05-cloud-azure/logic-apps/overview.md
Scrape ID: 019eccf7-957b-777b-933e-d48b29a0763c
OK docs/05-cloud-azure/service-bus/overview.md
Scrape ID: 019eccf7-999e-73fd-bf07-44e04963c20e
OK docs/05-cloud-azure/storage-queues/intro.md
Scrape ID: 019eccf7-a583-70a6-a0b6-ec5a8ac0822b
OK docs/05-cloud-azure/container-apps-jobs/overview.md
Scrape ID: 019eccf7-9db3-7492-a0e2-833888af5420
OK docs/05-cloud-azure/batch/overview.md
Scrape ID: 019eccf7-a919-7289-917e-8cb4fcf49e8a
OK docs/05-cloud-azure/data-factory/intro.md
Scrape ID: 019eccf7-b168-75eb-bb0d-6823c5e90fdd
OK docs/06-cloud-gcp-firebase/cloud-tasks/overview.md
Scrape ID: 019eccf7-ae20-76a1-87dd-1c5046bbd060
OK docs/05-cloud-azure/event-grid/overview.md
Scrape ID: 019eccf7-b951-735a-ab29-3ced956734b0
OK docs/06-cloud-gcp-firebase/pubsub/overview.md
Scrape ID: 019eccf7-b579-74a7-a44b-28472ed12369
OK docs/06-cloud-gcp-firebase/cloud-scheduler/overview.md
Scrape ID: 019eccf7-c1b6-7373-bd46-7e7565b0409a
OK docs/06-cloud-gcp-firebase/cloud-run-jobs/overview.md
Scrape ID: 019eccf7-bda8-74be-b1c4-bd39514a5d0b
OK docs/06-cloud-gcp-firebase/workflows/overview.md
Scrape ID: 019eccf7-c5c4-71ed-8f4f-f7614a63534a
OK docs/06-cloud-gcp-firebase/firebase-functions/overview.md
Scrape ID: 019eccf7-c9c8-773b-a932-6c8765a0903b
OK docs/06-cloud-gcp-firebase/firebase-task-functions/overview.md
Scrape ID: 019eccf7-d18f-752f-ac29-523fdc5aade4
OK docs/06-cloud-gcp-firebase/firebase-extensions/overview.md
Scrape ID: 019eccf7-d5c6-76c8-9059-1b3ab471d352
OK docs/06-cloud-gcp-firebase/cloud-composer/overview.md
Scrape ID: 019eccf7-e623-77b4-809a-e90e153151ba
OK docs/07-brokers/rabbitmq/docs.md
Scrape ID: 019eccf7-e9d0-74a2-8424-6a771d28bc84
OK docs/07-brokers/rabbitmq/quorum-queues.md
Scrape ID: 019eccf7-ddbe-7256-b4c2-95107bdf09dd
OK docs/06-cloud-gcp-firebase/dataflow/overview.md
Scrape ID: 019eccf7-ee18-74ec-b221-2961a858b7ea
OK docs/07-brokers/kafka/documentation.md
Scrape ID: 019eccf7-f5c5-748c-ab5a-e12303063ea9
OK docs/07-brokers/kafka/design.md
Scrape ID: 019eccf7-fa0f-72ec-a221-74b285a0c066
OK docs/07-brokers/nats/jetstream.md
Scrape ID: 019eccf8-05fc-76bb-91c8-909063c55515
OK docs/07-brokers/pulsar/concepts.md
Scrape ID: 019eccf8-0dfa-75c8-a98e-04860a06c190
OK docs/07-brokers/zeromq/guide.md
Scrape ID: 019eccf8-1272-7719-8e7a-5e612359f806
OK docs/07-brokers/activemq-artemis/docs.md
Scrape ID: 019eccf7-f21e-711a-b233-27255a608bb4
OK docs/07-brokers/redis/streams.md
Scrape ID: 019eccf8-1a19-74ee-8263-43b676c6c656
OK docs/08-container-batch/k8s-jobs/concept.md
Scrape ID: 019eccf8-1a21-706b-bc0e-939c3dee107e
OK docs/08-container-batch/k8s-cronjobs/concept.md
Scrape ID: 019eccf8-1e5b-7431-a24e-ffd16cb86c09
OK docs/08-container-batch/k8s-job-api/reference.md
Scrape ID: 019eccf8-2273-7108-8980-2901c4d9ffc9
OK docs/08-container-batch/keda/overview.md
Scrape ID: 019eccf8-2664-77fb-91b2-ee72eb972c62
OK docs/08-container-batch/volcano/overview.md
Scrape ID: 019eccf8-2a68-732c-93ce-5537eacb2f7d
OK docs/08-container-batch/kueue/overview.md
Scrape ID: 019eccf8-2e8d-770c-9d36-490ae982e196
OK docs/08-container-batch/nomad/docs.md
Scrape ID: 019eccf8-32a2-7568-b3ca-e58f388f0174
OK docs/08-container-batch/htcondor/overview.md
Scrape ID: 019eccf8-3ad3-7350-a87b-ff5cf69632c4
OK docs/08-container-batch/ray/core.md
Scrape ID: 019eccf8-36ad-7425-8431-ab0e0f2cce8c
OK docs/08-container-batch/slurm/overview.md
Scrape ID: 019eccf8-3ee9-7271-be30-695e0df0a6d0
OK docs/08-container-batch/dask/overview.md
Scrape ID: 019eccf8-4ab6-712c-99d2-d895568e15a0
OK docs/09-data-pipeline/spark/job-scheduling.md
Scrape ID: 019eccf8-4688-77cb-821c-7338df0d606b
OK docs/09-data-pipeline/beam/overview.md
Scrape ID: 019eccf8-52af-72fd-9915-e682e3b66e4d
OK docs/09-data-pipeline/dbt/overview.md
Scrape ID: 019eccf8-56dd-730a-b287-1fd6826a2f10
OK docs/09-data-pipeline/nifi/docs.md
Scrape ID: 019eccf8-5ed6-72af-8b5b-7a3f525cf50b
OK docs/09-data-pipeline/debezium/overview.md
Scrape ID: 019eccf8-62a9-757c-a218-4e614fe37a52
OK docs/10-cicd/github-actions/overview.md
Scrape ID: 019eccf8-66de-75bb-a516-e0cb41143672
OK docs/10-cicd/github-actions/workflow-syntax.md
Scrape ID: 019eccf8-59f3-77c2-b420-460649f37426
OK docs/09-data-pipeline/flink/overview.md
Scrape ID: 019eccf8-6aa7-70ee-a315-2e2707a28038
OK docs/10-cicd/gitlab-ci/overview.md
Scrape ID: 019eccf8-6e9a-76a8-b934-00628e3f3d4f
OK docs/10-cicd/jenkins/pipeline.md
Scrape ID: 019eccf8-7ae0-71bb-af46-071738d150b4
OK docs/10-cicd/argo-cd/overview.md
Scrape ID: 019eccf8-8684-774f-9db0-9e8c98b56ae2
OK docs/10-cicd/tekton/overview.md
Scrape ID: 019eccf8-8f08-70db-9c33-9d0540f71170
OK docs/10-cicd/circleci/overview.md
Scrape ID: 019eccf8-8aa4-705b-9318-831103693fd1
OK docs/10-cicd/buildkite/overview.md
Scrape ID: 019eccf8-92df-705e-9a5d-74da49065d01
OK docs/11-scheduling/systemd-timers/man.md
Scrape ID: 019eccf8-9736-731d-bece-1ae2faee0726
OK docs/12-observability/opentelemetry/docs.md
Scrape ID: 019eccf8-9b2e-70f1-acd6-12b0aa332d5f
OK docs/12-observability/prometheus/overview.md
Scrape ID: 019eccf8-9f2c-75fd-9ce7-537063c6c73e
OK docs/12-observability/grafana/overview.md
Scrape ID: 019eccf8-a2f5-75c9-9831-87f033561d5f
OK docs/12-observability/flower/overview.md
Scrape ID: 019eccf8-ab03-7031-81cb-c090cc1565f2
OK docs/13-specs/cloudevents/spec.md
Scrape ID: 019eccf8-af02-72d3-b75f-85ff25884c76
OK docs/13-specs/cloudevents/primer.md
Scrape ID: 019eccf8-c389-76ed-a7af-046a7682d002
OK docs/13-specs/asyncapi/overview.md
Scrape ID: 019eccf8-d39f-70e5-883d-3ca6fe58225c
OK docs/13-specs/openapi/learn.md
Scrape ID: 019eccf8-d765-712c-92ab-0e1f8e93980f
OK docs/13-specs/serverless-workflow/overview.md
Scrape ID: 019eccf8-e002-77cd-9641-9865361e67e5
OK docs/13-specs/bpmn/spec.md
Scrape ID: 019eccf8-e78d-77b7-bfee-38c2353b52a6
OK docs/13-specs/json-schema/overview.md
Scrape ID: 019eccf8-92dd-76bf-8df1-0b09c404e31b
OK docs/10-cicd/drone/overview.md
Scrape ID: 019eccf8-eb93-73d5-9a72-470a2c80f9ab
OK docs/14-local-dev/localstack/overview.md
Scrape ID: 019eccf8-ef60-73f9-a1c5-feecf3a30954
OK docs/14-local-dev/azurite/overview.md
Scrape ID: 019eccf8-f7a2-7038-a8ed-8691356060f7
OK docs/14-local-dev/testcontainers/overview.md
Scrape ID: 019eccf8-ffb0-7675-a959-e34c17fee403
OK docs/14-local-dev/docker-compose/overview.md
Scrape ID: 019eccf8-f7b3-754e-8a43-29a47964871e
OK docs/14-local-dev/firebase-emulator/overview.md
DONE total=142 ok=142 skip=0 fail=0
